# JRE version: Java(TM) SE Runtime Environment (10.0.1+10) (build 10.0.1+10)
# Java VM: Java HotSpot(TM) 64-Bit Server VM (10.0.1+10, mixed mode, tiered, compressed oops, g1 gc, windows-amd64)
Heap:
 garbage-first heap   total 1021952K, used 192512K [0x0000000086600000, 0x0000000100000000)
  region size 1024K, 5 young (5120K), 5 survivors (5120K)
 Metaspace       used 4569K, capacity 4714K, committed 4864K, reserved 1056768K
  class space    used 433K, capacity 458K, committed 512K, reserved 1048576K
GC Heap History (10 events):
Event: 0.640 GC heap after
{Heap after GC invocations=4 (full 0):
 garbage-first heap   total 124928K, used 46349K [0x0000000086600000, 0x0000000100000000)
  region size 1024K, 1 young (1024K), 1 survivors (1024K)
 Metaspace       used 4553K, capacity 4582K, committed 4864K, reserved 1056768K
  class space    used 433K, capacity 458K, committed 512K, reserved 1048576K
}
Event: 0.657 GC heap before
{Heap before GC invocations=4 (full 0):
 garbage-first heap   total 124928K, used 60685K [0x0000000086600000, 0x0000000100000000)
  region size 1024K, 15 young (15360K), 1 survivors (1024K)
 Metaspace       used 4553K, capacity 4582K, committed 4864K, reserved 1056768K
  class space    used 433K, capacity 458K, committed 512K, reserved 1048576K
}
Event: 0.756 GC heap after
{Heap after GC invocations=5 (full 0):
 garbage-first heap   total 374784K, used 61420K [0x0000000086600000, 0x0000000100000000)
  region size 1024K, 2 young (2048K), 2 survivors (2048K)
 Metaspace       used 4553K, capacity 4582K, committed 4864K, reserved 1056768K
  class space    used 433K, capacity 458K, committed 512K, reserved 1048576K
}
Event: 0.832 GC heap before
{Heap before GC invocations=5 (full 0):
 garbage-first heap   total 374784K, used 82924K [0x0000000086600000, 0x0000000100000000)
  region size 1024K, 20 young (20480K), 2 survivors (2048K)
 Metaspace       used 4563K, capacity 4650K, committed 4864K, reserved 1056768K
  class space    used 433K, capacity 458K, committed 512K, reserved 1048576K
}
Event: 0.924 GC heap after
{Heap after GC invocations=6 (full 0):
 garbage-first heap   total 374784K, used 82432K [0x0000000086600000, 0x0000000100000000)
  region size 1024K, 3 young (3072K), 3 survivors (3072K)
 Metaspace       used 4563K, capacity 4650K, committed 4864K, reserved 1056768K
  class space    used 433K, capacity 458K, committed 512K, reserved 1048576K
}
Event: 1.112 GC heap before
{Heap before GC invocations=6 (full 0):
 garbage-first heap   total 374784K, used 113152K [0x0000000086600000, 0x0000000100000000)
  region size 1024K, 21 young (21504K), 3 survivors (3072K)
 Metaspace       used 4565K, capacity 4650K, committed 4864K, reserved 1056768K
  class space    used 433K, capacity 458K, committed 512K, reserved 1048576K
}
Event: 1.190 GC heap after
{Heap after GC invocations=7 (full 0):
 garbage-first heap   total 374784K, used 113664K [0x0000000086600000, 0x0000000100000000)
  region size 1024K, 3 young (3072K), 3 survivors (3072K)
 Metaspace       used 4565K, capacity 4650K, committed 4864K, reserved 1056768K
  class space    used 433K, capacity 458K, committed 512K, reserved 1048576K
}
Event: 1.247 GC heap before
{Heap before GC invocations=7 (full 0):
 garbage-first heap   total 374784K, used 146432K [0x0000000086600000, 0x0000000100000000)
  region size 1024K, 27 young (27648K), 3 survivors (3072K)
 Metaspace       used 4565K, capacity 4650K, committed 4864K, reserved 1056768K
  class space    used 433K, capacity 458K, committed 512K, reserved 1048576K
}
Event: 1.318 GC heap after
{Heap after GC invocations=8 (full 0):
 garbage-first heap   total 374784K, used 147456K [0x0000000086600000, 0x0000000100000000)
  region size 1024K, 4 young (4096K), 4 survivors (4096K)
 Metaspace       used 4565K, capacity 4650K, committed 4864K, reserved 1056768K
  class space    used 433K, capacity 458K, committed 512K, reserved 1048576K
}
Event: 1.456 GC heap before
{Heap before GC invocations=8 (full 0):
 garbage-first heap   total 374784K, used 192512K [0x0000000086600000, 0x0000000100000000)
  region size 1024K, 33 young (33792K), 4 survivors (4096K)
 Metaspace       used 4569K, capacity 4714K, committed 4864K, reserved 1056768K
  class space    used 433K, capacity 458K, committed 512K, reserved 1048576K
}

